<?xml version="1.0" encoding="UTF-8"?>
<!-- Generated by org.testng.reporters.JUnitReportReporter -->
<testsuite hostname="DESKTOP-2PSCSJ2" failures="0" tests="1" name="com.apiRequestMethodsUsingBDDAppraoch.PostCreateAuthToken" time="2.360" errors="0" timestamp="2024-06-24T17:12:58 AST" skipped="0">
  <testcase classname="com.apiRequestMethodsUsingBDDAppraoch.PostCreateAuthToken" name="createAuthToken" time="2.360"/>
</testsuite> <!-- com.apiRequestMethodsUsingBDDAppraoch.PostCreateAuthToken -->
