<?xml version="1.0" encoding="UTF-8"?>
<!-- Generated by org.testng.reporters.JUnitReportReporter -->
<testsuite hostname="DESKTOP-2PSCSJ2" failures="0" tests="1" name="com.apiRequestMethods.PostCreateAuthToken" time="2.449" errors="0" timestamp="2024-06-24T17:00:30 AST" skipped="0">
  <testcase classname="com.apiRequestMethods.PostCreateAuthToken" name="createAuthToken" time="2.449"/>
</testsuite> <!-- com.apiRequestMethods.PostCreateAuthToken -->
