<?xml version="1.0" encoding="UTF-8"?>
<!-- Generated by org.testng.reporters.JUnitReportReporter -->
<testsuite hostname="DESKTOP-2PSCSJ2" failures="0" tests="1" name="com.apiRequestMethodsUsingBDDAppraoch.GetAPIBookingIDs" time="2.070" errors="0" timestamp="2024-06-24T14:33:35 AST" skipped="0">
  <testcase classname="com.apiRequestMethodsUsingBDDAppraoch.GetAPIBookingIDs" name="getAllBookingIds" time="2.070"/>
</testsuite> <!-- com.apiRequestMethodsUsingBDDAppraoch.GetAPIBookingIDs -->
