<?xml version="1.0" encoding="UTF-8"?>
<!-- Generated by org.testng.reporters.JUnitReportReporter -->
<testsuite hostname="DESKTOP-2PSCSJ2" failures="0" tests="1" name="com.apiRequestMethods.GetApiBookingIDs" time="3.540" errors="0" timestamp="2024-09-03T20:08:34 AST" skipped="0">
  <testcase classname="com.apiRequestMethods.GetApiBookingIDs" name="getAllBookingIds" time="3.540"/>
</testsuite> <!-- com.apiRequestMethods.GetApiBookingIDs -->
