<?xml version="1.0" encoding="UTF-8"?>
<!-- Generated by org.testng.reporters.JUnitReportReporter -->
<testsuite hostname="DESKTOP-2PSCSJ2" failures="0" tests="1" name="com.apiRequestMethodsUsingBDDAppraoch.GetAPIBookingIDs" time="2.915" errors="0" timestamp="2024-09-03T20:21:25 AST" skipped="0">
  <testcase classname="com.apiRequestMethodsUsingBDDAppraoch.GetAPIBookingIDs" name="getAllBookingIds" time="2.915"/>
</testsuite> <!-- com.apiRequestMethodsUsingBDDAppraoch.GetAPIBookingIDs -->
