<?xml version="1.0" encoding="UTF-8"?>
<!-- Generated by org.testng.reporters.JUnitReportReporter -->
<testsuite hostname="DESKTOP-2PSCSJ2" failures="0" tests="1" name="com.apiRequestMethods.GetApiBookingIDs" time="2.155" errors="0" timestamp="2024-06-24T13:16:47 AST" skipped="0">
  <testcase classname="com.apiRequestMethods.GetApiBookingIDs" name="getAllBookingIds" time="2.155"/>
</testsuite> <!-- com.apiRequestMethods.GetApiBookingIDs -->
