<?xml version="1.0" encoding="UTF-8"?>
<!-- Generated by org.testng.reporters.JUnitReportReporter -->
<testsuite hostname="DESKTOP-2PSCSJ2" failures="0" tests="1" name="com.apiRequestMethods.PostCreateAuthToken" time="3.771" errors="0" timestamp="2024-09-03T20:08:56 AST" skipped="0">
  <testcase classname="com.apiRequestMethods.PostCreateAuthToken" name="createAuthToken" time="3.771"/>
</testsuite> <!-- com.apiRequestMethods.PostCreateAuthToken -->
